2017-03-14 16:13:07 UTC - Updating database...
2017-03-14 16:28:37 UTC - Database update failed.
2017-03-14 16:55:04 UTC - Updating database...
2017-03-14 17:10:51 UTC - Database update failed.
2017-03-14 17:18:00 UTC - Updating database...
2017-03-14 17:18:14 UTC - Database update done.
2017-03-14 17:21:10 UTC - Updating database...
2017-03-14 17:21:21 UTC - Database update done.
2017-03-15 03:13:56 UTC - Updating database...
2017-03-15 03:15:20 UTC - Database update done.
2017-03-15 12:48:28 UTC - Updating DB from list countries_batch_1.json...
2017-03-15 12:48:48 UTC - DB update done.
2017-03-15 12:51:05 UTC - Updating DB from list countries_batch_1.json...
2017-03-15 12:51:25 UTC - DB update done.
2017-03-15 12:51:26 UTC - Updating DB from list countries_batch_2.json...
2017-03-15 12:51:46 UTC - DB update done.
2017-03-15 12:51:46 UTC - Updating DB from list countries_batch_3.json...
2017-03-15 12:52:06 UTC - DB update done.
2017-03-15 12:52:07 UTC - Updating DB from list countries_batch_4.json...
2017-03-15 12:52:25 UTC - DB update done.
2017-03-15 14:40:14 UTC - Updating DB from list countries_batch_1.json...
2017-03-15 14:40:33 UTC - DB update done.
2017-03-15 14:40:35 UTC - Updating DB from list countries_batch_2.json...
2017-03-15 14:40:54 UTC - DB update done.
2017-03-15 14:40:56 UTC - Updating DB from list countries_batch_3.json...
2017-03-15 14:41:16 UTC - DB update done.
2017-03-15 14:41:18 UTC - Updating DB from list countries_batch_4.json...
2017-03-15 14:41:37 UTC - DB update done.
2017-03-15 16:05:39 UTC - Updating DB from list countries_batch_1.json...
2017-03-15 16:06:00 UTC - DB update done.
2017-03-15 16:06:02 UTC - Updating DB from list countries_batch_2.json...
2017-03-15 16:06:24 UTC - DB update done.
2017-03-15 16:06:26 UTC - Updating DB from list countries_batch_3.json...
2017-03-15 16:06:44 UTC - DB update done.
2017-03-15 16:06:46 UTC - Updating DB from list countries_batch_4.json...
2017-03-15 16:13:21 UTC - Updating DB from list countries_jvector_map.json...
2017-03-15 16:14:15 UTC - Updating DB from list countries_jvector_map.json...
2017-03-15 16:15:16 UTC - Updating DB from list countries_batch_1.json...
2017-03-15 16:15:35 UTC - DB update done.
2017-03-15 16:15:37 UTC - Updating DB from list countries_batch_2.json...
2017-03-15 16:15:56 UTC - DB update done.
2017-03-15 16:15:58 UTC - Updating DB from list countries_batch_3.json...
2017-03-15 16:16:18 UTC - DB update done.
2017-03-15 16:16:20 UTC - Updating DB from list countries_batch_4.json...
2017-03-15 16:16:39 UTC - DB update done.
2017-03-20 08:27:57 UTC - Updating DB from list countries_batch_1.json...
2017-03-20 08:28:14 UTC - DB update done.
2017-03-20 08:28:16 UTC - Updating DB from list countries_batch_2.json...
2017-03-20 08:28:32 UTC - DB update done.
2017-03-20 08:28:34 UTC - Updating DB from list countries_batch_3.json...
2017-03-20 08:28:51 UTC - DB update done.
2017-03-20 08:28:53 UTC - Updating DB from list countries_batch_4.json...
2017-03-20 08:29:08 UTC - DB update done.
2017-03-22 09:02:28 UTC - Updating DB from list countries_batch_1.json...
2017-03-22 09:02:30 UTC - Updating DB from list countries_batch_2.json...
2017-03-22 09:02:32 UTC - Updating DB from list countries_batch_3.json...
2017-03-22 09:02:34 UTC - Updating DB from list countries_batch_4.json...
2017-03-22 10:03:54 UTC - Updating DB from list countries_batch_1.json...
2017-03-22 10:03:56 UTC - Updating DB from list countries_batch_2.json...
2017-03-22 10:03:58 UTC - Updating DB from list countries_batch_3.json...
2017-03-22 10:04:00 UTC - Updating DB from list countries_batch_4.json...
2017-03-22 10:05:18 UTC - Updating DB from list countries_batch_1.json...
2017-03-22 10:05:20 UTC - Updating DB from list countries_batch_2.json...
2017-03-22 10:05:22 UTC - Updating DB from list countries_batch_3.json...
2017-03-22 10:05:24 UTC - Updating DB from list countries_batch_4.json...
2017-03-22 10:14:08 UTC - Updating DB from list countries_batch_1.json...
2017-03-22 10:14:10 UTC - Updating DB from list countries_batch_2.json...
2017-03-22 10:14:12 UTC - Updating DB from list countries_batch_3.json...
2017-03-22 10:14:14 UTC - Updating DB from list countries_batch_4.json...
2017-03-22 10:27:34 UTC - Updating DB from list countries_batch_1.json...
2017-03-22 10:27:36 UTC - Updating DB from list countries_batch_2.json...
2017-03-22 10:27:38 UTC - Updating DB from list countries_batch_3.json...
2017-03-22 10:27:40 UTC - Updating DB from list countries_batch_4.json...
2017-03-22 10:29:19 UTC - Updating DB from list countries_jvector_map.json...
2017-03-22 10:30:06 UTC - Updating DB from list countries_jvector_map.json...
2017-03-22 10:31:59 UTC - Updating DB from list countries_jvector_map.json...
2017-03-22 10:33:36 UTC - Updating DB from list countries_jvector_map.json...
2017-03-22 10:35:19 UTC - DB update done.
