{
  "date": "Fri, 24 Feb 2017 03:58:16 GMT",
  "content-type": "text/html",
  "connection": "close",
  "an-served-by": "26.hbui.prod.nym2, 01.thorondor-ui.prod.nym2",
  "cache-control": "no-store, no-cache, must-revalidate, post-check=0, pre-check=0",
  "expires": "Thu, 19 Nov 1981 08:52:00 GMT",
  "location": "http://console.appnexus.com/buyside/advertiser",
  "pragma": "no-cache",
  "set-cookie": [
    "login_id=3357; Expires=Sun, 26 Mar 2017 03:58:14 GMT; Path=/",
    "ANSESSIONID=console-session%3A178820%3Ac5f437ae-e191-4f17-ae5b-19ab7e16c05b%3Anym2; Path=/; HTTPOnly",
    "secure_bucket=stable; Path=/",
    "TS01f24319=0170b8b60632d0d57358bb423ee6037d35a61729037102783529473166712cba9ac7dbfd6c644bd9a4a6cbcb774afdae393f213d5d11b08ed1e7b850531766702b8efc1b2cc94632469f3454885487ac7ce90bb771; Path=/"
  ],
  "vary": "Accept-Encoding",
  "x-route": "/*",
  "x-route-time": "1685",
  "transfer-encoding": "chunked"
}